

Version:	3.50
CmdLine:	C:\Users\narch\IdeaProjects\Witch2d\Sorcera.exe --l4j-debug
JNI:		No
WOW64:		Yes
Working dir:	C:\Users\narch\IdeaProjects\Witch2d\.
Requires JDK:	No
Requires 64-Bit: No
Java min ver:	
Java max ver:	
Substitute:	JAVA_HOME = C:\Program Files\Java\jdk-23
Substitute:	PATH = C:\Program Files\Common Files\Oracle\Java\javapath;C:\Program Files\Eclipse Adoptium\jdk-20.0.2.9-hotspot\bin;C:\ProgramData\Oracle\Java\javapath;C:\Program Files\NVIDIA GPU Computing Toolkit\CUDA\v12.3\bin;C:\Program Files\NVIDIA GPU Computing Toolkit\CUDA\v12.3\libnvvp;C:\Windows\system32;C:\Windows;C:\Windows\System32\Wbem;C:\Windows\System32\WindowsPowerShell\v1.0\;C:\Windows\System32\OpenSSH\;C:\Program Files (x86)\NVIDIA Corporation\PhysX\Common;C:\WINDOWS\system32;C:\WINDOWS;C:\WINDOWS\System32\Wbem;C:\WINDOWS\System32\WindowsPowerShell\v1.0\;C:\WINDOWS\System32\OpenSSH\;C:\Program Files\NVIDIA Corporation\Nsight Compute 2023.3.1\;C:\Program Files\dotnet\;C:\Program Files\PuTTY\;C:\Program Files (x86)\Windows Kits\10\Windows Performance Toolkit\;C:\Program Files (x86)\Eclipse\Sumo\bin\;C:\Program Files (x86)\Eclipse\Sumo\tools\;C:\Program Files\nodejs\;C:\ProgramData\chocolatey\bin;C:\Program Files\gnuplot\bin;C:\Program Files\NVIDIA Corporation\NVIDIA app\NvDLISR;C:\Program Files\Git\cmd;C:\Users\narch\Downloads\flutter_windows_3.27.3-stable\flutter\bin;C:\Users\narch\AppData\Local\Android\Sdk\platform-tools;C:\Users\narch\AppData\Local\Android\Sdk\emulator;C:\Users\narch\AppData\Local\Microsoft\WindowsApps;C:\Users\narch\AppData\Local\Packages\PythonSoftwareFoundation.Python.3.11_qbz5n2kfra8p0\LocalCache\local-packages\Python311\Scripts;C:\ffmpeg\ffmpeg-7.1-essentials_build\bin;C:\Program Files\Java\jdk-23\bin;C:\Users\narch\.local\bin;C:\Users\narch\AppData\Local\Android\Sdk\tools;C:\Users\narch\AppData\Local\jdk-11.0.2\bin;C:\Users\narch\AppData\Local\Programs\Python\Launcher\;C:\Users\narch\AppData\Local\Microsoft\WindowsApps;C:\Users\narch\AppData\Local\Programs\Microsoft VS Code\bin;C:\Program Files (x86)\Brackets\;C:\Users\narch\AppData\Roaming\npm;C:\Users\narch\AppData\Local\Programs\MiKTeX\miktex\bin\x64\;C:\Program Files\Java\jdk-23\bin
JRE paths:	C:\Program Files\Java\jdk-23;C:\Program Files\Common Files\Oracle\Java\javapath;C:\Program Files\Eclipse Adoptium\jdk-20.0.2.9-hotspot\bin;C:\ProgramData\Oracle\Java\javapath;C:\Program Files\NVIDIA GPU Computing Toolkit\CUDA\v12.3\bin;C:\Program Files\NVIDIA GPU Computing Toolkit\CUDA\v12.3\libnvvp;C:\Windows\system32;C:\Windows;C:\Windows\System32\Wbem;C:\Windows\System32\WindowsPowerShell\v1.0\;C:\Windows\System32\OpenSSH\;C:\Program Files (x86)\NVIDIA Corporation\PhysX\Common;C:\WINDOWS\system32;C:\WINDOWS;C:\WINDOWS\System32\Wbem;C:\WINDOWS\System32\WindowsPowerShell\v1.0\;C:\WINDOWS\System32\OpenSSH\;C:\Program Files\NVIDIA Corporation\Nsight Compute 2023.3.1\;C:\Program Files\dotnet\;C:\Program Files\PuTTY\;C:\Program Files (x86)\Windows Kits\10\Windows Performance Toolkit\;C:\Program Files (x86)\Eclipse\Sumo\bin\;C:\Program Files (x86)\Eclipse\Sumo\tools\;C:\Program Files\nodejs\;C:\ProgramData\chocolatey\bin;C:\Program Files\gnuplot\bin;C:\Program Files\NVIDIA Corporation\NVIDIA app\NvDLISR;C:\Program Files\Git\cmd;C:\Users\narch\Downloads\flutter_windows_3.27.3-stable\flutter\bin;C:\Users\narch\AppData\Local\Android\Sdk\platform-tools;C:\Users\narch\AppData\Local\Android\Sdk\emulator;C:\Users\narch\AppData\Local\Microsoft\WindowsApps;C:\Users\narch\AppData\Local\Packages\PythonSoftwareFoundation.Python.3.11_qbz5n2kfra8p0\LocalCache\local-packages\Python311\Scripts;C:\ffmpeg\ffmpeg-7.1-essentials_build\bin;C:\Program Files\Java\jdk-23\bin;C:\Users\narch\.local\bin;C:\Users\narch\AppData\Local\Android\Sdk\tools;C:\Users\narch\AppData\Local\jdk-11.0.2\bin;C:\Users\narch\AppData\Local\Programs\Python\Launcher\;C:\Users\narch\AppData\Local\Microsoft\WindowsApps;C:\Users\narch\AppData\Local\Programs\Microsoft VS Code\bin;C:\Program Files (x86)\Brackets\;C:\Users\narch\AppData\Roaming\npm;C:\Users\narch\AppData\Local\Programs\MiKTeX\miktex\bin\x64\;C:\Program Files\Java\jdk-23\bin
Check launcher:	C:\Program Files\Java\jdk-23\bin\javaw.exe (OK)
Version string: 1.023.000_002 / 64-Bit (OK)
Launcher:	C:\Program Files\Java\jdk-23\bin\javaw.exe
Launcher args:	-jar "C:\Users\narch\IdeaProjects\Witch2d\Sorcera.exe"
Args length:	54/32768 chars
Exit code:	0


Version:	3.50
CmdLine:	C:\Users\narch\IdeaProjects\Witch2d\Sorcera.exe --l4j-debug
JNI:		No
WOW64:		Yes
Working dir:	C:\Users\narch\IdeaProjects\Witch2d\.
Requires JDK:	No
Requires 64-Bit: No
Java min ver:	
Java max ver:	
Substitute:	JAVA_HOME = C:\Program Files\Java\jdk-23
Substitute:	PATH = C:\Program Files\Common Files\Oracle\Java\javapath;C:\Program Files\Eclipse Adoptium\jdk-20.0.2.9-hotspot\bin;C:\ProgramData\Oracle\Java\javapath;C:\Program Files\NVIDIA GPU Computing Toolkit\CUDA\v12.3\bin;C:\Program Files\NVIDIA GPU Computing Toolkit\CUDA\v12.3\libnvvp;C:\Windows\system32;C:\Windows;C:\Windows\System32\Wbem;C:\Windows\System32\WindowsPowerShell\v1.0\;C:\Windows\System32\OpenSSH\;C:\Program Files (x86)\NVIDIA Corporation\PhysX\Common;C:\WINDOWS\system32;C:\WINDOWS;C:\WINDOWS\System32\Wbem;C:\WINDOWS\System32\WindowsPowerShell\v1.0\;C:\WINDOWS\System32\OpenSSH\;C:\Program Files\NVIDIA Corporation\Nsight Compute 2023.3.1\;C:\Program Files\dotnet\;C:\Program Files\PuTTY\;C:\Program Files (x86)\Windows Kits\10\Windows Performance Toolkit\;C:\Program Files (x86)\Eclipse\Sumo\bin\;C:\Program Files (x86)\Eclipse\Sumo\tools\;C:\Program Files\nodejs\;C:\ProgramData\chocolatey\bin;C:\Program Files\gnuplot\bin;C:\Program Files\NVIDIA Corporation\NVIDIA app\NvDLISR;C:\Program Files\Git\cmd;C:\Users\narch\Downloads\flutter_windows_3.27.3-stable\flutter\bin;C:\Users\narch\AppData\Local\Android\Sdk\platform-tools;C:\Users\narch\AppData\Local\Android\Sdk\emulator;C:\Users\narch\AppData\Local\Microsoft\WindowsApps;C:\Users\narch\AppData\Local\Packages\PythonSoftwareFoundation.Python.3.11_qbz5n2kfra8p0\LocalCache\local-packages\Python311\Scripts;C:\ffmpeg\ffmpeg-7.1-essentials_build\bin;C:\Program Files\Java\jdk-23\bin;C:\Users\narch\.local\bin;C:\Users\narch\AppData\Local\Android\Sdk\tools;C:\Users\narch\AppData\Local\jdk-11.0.2\bin;C:\Users\narch\AppData\Local\Programs\Python\Launcher\;C:\Users\narch\AppData\Local\Microsoft\WindowsApps;C:\Users\narch\AppData\Local\Programs\Microsoft VS Code\bin;C:\Program Files (x86)\Brackets\;C:\Users\narch\AppData\Roaming\npm;C:\Users\narch\AppData\Local\Programs\MiKTeX\miktex\bin\x64\;C:\Program Files\Java\jdk-23\bin
JRE paths:	C:\Program Files\Java\jdk-23;C:\Program Files\Common Files\Oracle\Java\javapath;C:\Program Files\Eclipse Adoptium\jdk-20.0.2.9-hotspot\bin;C:\ProgramData\Oracle\Java\javapath;C:\Program Files\NVIDIA GPU Computing Toolkit\CUDA\v12.3\bin;C:\Program Files\NVIDIA GPU Computing Toolkit\CUDA\v12.3\libnvvp;C:\Windows\system32;C:\Windows;C:\Windows\System32\Wbem;C:\Windows\System32\WindowsPowerShell\v1.0\;C:\Windows\System32\OpenSSH\;C:\Program Files (x86)\NVIDIA Corporation\PhysX\Common;C:\WINDOWS\system32;C:\WINDOWS;C:\WINDOWS\System32\Wbem;C:\WINDOWS\System32\WindowsPowerShell\v1.0\;C:\WINDOWS\System32\OpenSSH\;C:\Program Files\NVIDIA Corporation\Nsight Compute 2023.3.1\;C:\Program Files\dotnet\;C:\Program Files\PuTTY\;C:\Program Files (x86)\Windows Kits\10\Windows Performance Toolkit\;C:\Program Files (x86)\Eclipse\Sumo\bin\;C:\Program Files (x86)\Eclipse\Sumo\tools\;C:\Program Files\nodejs\;C:\ProgramData\chocolatey\bin;C:\Program Files\gnuplot\bin;C:\Program Files\NVIDIA Corporation\NVIDIA app\NvDLISR;C:\Program Files\Git\cmd;C:\Users\narch\Downloads\flutter_windows_3.27.3-stable\flutter\bin;C:\Users\narch\AppData\Local\Android\Sdk\platform-tools;C:\Users\narch\AppData\Local\Android\Sdk\emulator;C:\Users\narch\AppData\Local\Microsoft\WindowsApps;C:\Users\narch\AppData\Local\Packages\PythonSoftwareFoundation.Python.3.11_qbz5n2kfra8p0\LocalCache\local-packages\Python311\Scripts;C:\ffmpeg\ffmpeg-7.1-essentials_build\bin;C:\Program Files\Java\jdk-23\bin;C:\Users\narch\.local\bin;C:\Users\narch\AppData\Local\Android\Sdk\tools;C:\Users\narch\AppData\Local\jdk-11.0.2\bin;C:\Users\narch\AppData\Local\Programs\Python\Launcher\;C:\Users\narch\AppData\Local\Microsoft\WindowsApps;C:\Users\narch\AppData\Local\Programs\Microsoft VS Code\bin;C:\Program Files (x86)\Brackets\;C:\Users\narch\AppData\Roaming\npm;C:\Users\narch\AppData\Local\Programs\MiKTeX\miktex\bin\x64\;C:\Program Files\Java\jdk-23\bin
Check launcher:	C:\Program Files\Java\jdk-23\bin\javaw.exe (OK)
Version string: 1.023.000_002 / 64-Bit (OK)
Main class:	Game
Add classpath:	lib\json-20230227.jar
Launcher:	C:\Program Files\Java\jdk-23\bin\javaw.exe
Launcher args:	-classpath "C:\Users\narch\IdeaProjects\Witch2d\Sorcera.exe;lib\json-20230227.jar" Game
Args length:	87/32768 chars
Exit code:	0


Version:	3.50
CmdLine:	C:\Users\narch\IdeaProjects\Witch2d\Sorcera.exe --l4j-debug
JNI:		No
WOW64:		Yes
Working dir:	C:\Users\narch\IdeaProjects\Witch2d\.
Requires JDK:	No
Requires 64-Bit: No
Java min ver:	
Java max ver:	
Substitute:	JAVA_HOME = C:\Program Files\Java\jdk-23
Substitute:	PATH = C:\Program Files\Common Files\Oracle\Java\javapath;C:\Program Files\Eclipse Adoptium\jdk-20.0.2.9-hotspot\bin;C:\ProgramData\Oracle\Java\javapath;C:\Program Files\NVIDIA GPU Computing Toolkit\CUDA\v12.3\bin;C:\Program Files\NVIDIA GPU Computing Toolkit\CUDA\v12.3\libnvvp;C:\Windows\system32;C:\Windows;C:\Windows\System32\Wbem;C:\Windows\System32\WindowsPowerShell\v1.0\;C:\Windows\System32\OpenSSH\;C:\Program Files (x86)\NVIDIA Corporation\PhysX\Common;C:\WINDOWS\system32;C:\WINDOWS;C:\WINDOWS\System32\Wbem;C:\WINDOWS\System32\WindowsPowerShell\v1.0\;C:\WINDOWS\System32\OpenSSH\;C:\Program Files\NVIDIA Corporation\Nsight Compute 2023.3.1\;C:\Program Files\dotnet\;C:\Program Files\PuTTY\;C:\Program Files (x86)\Windows Kits\10\Windows Performance Toolkit\;C:\Program Files (x86)\Eclipse\Sumo\bin\;C:\Program Files (x86)\Eclipse\Sumo\tools\;C:\Program Files\nodejs\;C:\ProgramData\chocolatey\bin;C:\Program Files\gnuplot\bin;C:\Program Files\NVIDIA Corporation\NVIDIA app\NvDLISR;C:\Program Files\Git\cmd;C:\Users\narch\Downloads\flutter_windows_3.27.3-stable\flutter\bin;C:\Users\narch\AppData\Local\Android\Sdk\platform-tools;C:\Users\narch\AppData\Local\Android\Sdk\emulator;C:\Users\narch\AppData\Local\Microsoft\WindowsApps;C:\Users\narch\AppData\Local\Packages\PythonSoftwareFoundation.Python.3.11_qbz5n2kfra8p0\LocalCache\local-packages\Python311\Scripts;C:\ffmpeg\ffmpeg-7.1-essentials_build\bin;C:\Program Files\Java\jdk-23\bin;C:\Users\narch\.local\bin;C:\Users\narch\AppData\Local\Android\Sdk\tools;C:\Users\narch\AppData\Local\jdk-11.0.2\bin;C:\Users\narch\AppData\Local\Programs\Python\Launcher\;C:\Users\narch\AppData\Local\Microsoft\WindowsApps;C:\Users\narch\AppData\Local\Programs\Microsoft VS Code\bin;C:\Program Files (x86)\Brackets\;C:\Users\narch\AppData\Roaming\npm;C:\Users\narch\AppData\Local\Programs\MiKTeX\miktex\bin\x64\;C:\Program Files\Java\jdk-23\bin
JRE paths:	C:\Program Files\Java\jdk-23;C:\Program Files\Common Files\Oracle\Java\javapath;C:\Program Files\Eclipse Adoptium\jdk-20.0.2.9-hotspot\bin;C:\ProgramData\Oracle\Java\javapath;C:\Program Files\NVIDIA GPU Computing Toolkit\CUDA\v12.3\bin;C:\Program Files\NVIDIA GPU Computing Toolkit\CUDA\v12.3\libnvvp;C:\Windows\system32;C:\Windows;C:\Windows\System32\Wbem;C:\Windows\System32\WindowsPowerShell\v1.0\;C:\Windows\System32\OpenSSH\;C:\Program Files (x86)\NVIDIA Corporation\PhysX\Common;C:\WINDOWS\system32;C:\WINDOWS;C:\WINDOWS\System32\Wbem;C:\WINDOWS\System32\WindowsPowerShell\v1.0\;C:\WINDOWS\System32\OpenSSH\;C:\Program Files\NVIDIA Corporation\Nsight Compute 2023.3.1\;C:\Program Files\dotnet\;C:\Program Files\PuTTY\;C:\Program Files (x86)\Windows Kits\10\Windows Performance Toolkit\;C:\Program Files (x86)\Eclipse\Sumo\bin\;C:\Program Files (x86)\Eclipse\Sumo\tools\;C:\Program Files\nodejs\;C:\ProgramData\chocolatey\bin;C:\Program Files\gnuplot\bin;C:\Program Files\NVIDIA Corporation\NVIDIA app\NvDLISR;C:\Program Files\Git\cmd;C:\Users\narch\Downloads\flutter_windows_3.27.3-stable\flutter\bin;C:\Users\narch\AppData\Local\Android\Sdk\platform-tools;C:\Users\narch\AppData\Local\Android\Sdk\emulator;C:\Users\narch\AppData\Local\Microsoft\WindowsApps;C:\Users\narch\AppData\Local\Packages\PythonSoftwareFoundation.Python.3.11_qbz5n2kfra8p0\LocalCache\local-packages\Python311\Scripts;C:\ffmpeg\ffmpeg-7.1-essentials_build\bin;C:\Program Files\Java\jdk-23\bin;C:\Users\narch\.local\bin;C:\Users\narch\AppData\Local\Android\Sdk\tools;C:\Users\narch\AppData\Local\jdk-11.0.2\bin;C:\Users\narch\AppData\Local\Programs\Python\Launcher\;C:\Users\narch\AppData\Local\Microsoft\WindowsApps;C:\Users\narch\AppData\Local\Programs\Microsoft VS Code\bin;C:\Program Files (x86)\Brackets\;C:\Users\narch\AppData\Roaming\npm;C:\Users\narch\AppData\Local\Programs\MiKTeX\miktex\bin\x64\;C:\Program Files\Java\jdk-23\bin
Check launcher:	C:\Program Files\Java\jdk-23\bin\javaw.exe (OK)
Version string: 1.023.000_002 / 64-Bit (OK)
Main class:	Game
Add classpath:	lib\json-20250107.jar
Launcher:	C:\Program Files\Java\jdk-23\bin\javaw.exe
Launcher args:	-classpath "C:\Users\narch\IdeaProjects\Witch2d\Sorcera.exe;lib\json-20250107.jar" Game
Args length:	87/32768 chars
Exit code:	0
